{"/Users/kyledavis/Documents/projects/WebstormProjects/HEB-API/src/index.ts": {"path":"/Users/kyledavis/Documents/projects/WebstormProjects/HEB-API/src/index.ts","statementMap":{"0":{"start":{"line":1,"column":0},"end":{"line":1,"column":89}},"1":{"start":{"line":3,"column":0},"end":{"line":3,"column":52}},"2":{"start":{"line":4,"column":0},"end":{"line":4,"column":56}},"3":{"start":{"line":7,"column":21},"end":{"line":7,"column":75}},"4":{"start":{"line":8,"column":12},"end":{"line":8,"column":65}},"5":{"start":{"line":9,"column":0},"end":{"line":11,"column":3}},"6":{"start":{"line":10,"column":2},"end":{"line":10,"column":38}}},"fnMap":{"0":{"name":"(anonymous_0)","decl":{"start":{"line":9,"column":17},"end":{"line":9,"column":null}},"loc":{"start":{"line":9,"column":17},"end":{"line":11,"column":1}}}},"branchMap":{"0":{"loc":{"start":{"line":7,"column":21},"end":{"line":7,"column":75}},"type":"binary-expr","locations":[{"start":{"line":7,"column":21},"end":{"line":7,"column":67}},{"start":{"line":7,"column":71},"end":{"line":7,"column":75}}]}},"s":{"0":0,"1":0,"2":0,"3":0,"4":0,"5":0,"6":0},"f":{"0":0},"b":{"0":[0,0]}}
,"/Users/kyledavis/Documents/projects/WebstormProjects/HEB-API/src/Models/Image.ts": {"path":"/Users/kyledavis/Documents/projects/WebstormProjects/HEB-API/src/Models/Image.ts","statementMap":{"0":{"start":{"line":1,"column":0},"end":{"line":1,"column":58}},"1":{"start":{"line":17,"column":26},"end":{"line":26,"column":2}},"2":{"start":{"line":28,"column":9},"end":{"line":28,"column":19}}},"fnMap":{},"branchMap":{},"s":{"0":2,"1":2,"2":2},"f":{},"b":{}}
,"/Users/kyledavis/Documents/projects/WebstormProjects/HEB-API/src/Models/ImageMetadata.ts": {"path":"/Users/kyledavis/Documents/projects/WebstormProjects/HEB-API/src/Models/ImageMetadata.ts","statementMap":{"0":{"start":{"line":10,"column":42},"end":{"line":17,"column":2}},"1":{"start":{"line":18,"column":9},"end":{"line":18,"column":27}}},"fnMap":{},"branchMap":{},"s":{"0":2,"1":2},"f":{},"b":{}}
,"/Users/kyledavis/Documents/projects/WebstormProjects/HEB-API/src/Models/ImageObjects.ts": {"path":"/Users/kyledavis/Documents/projects/WebstormProjects/HEB-API/src/Models/ImageObjects.ts","statementMap":{"0":{"start":{"line":10,"column":39},"end":{"line":17,"column":2}},"1":{"start":{"line":19,"column":9},"end":{"line":19,"column":25}}},"fnMap":{},"branchMap":{},"s":{"0":2,"1":2},"f":{},"b":{}}
,"/Users/kyledavis/Documents/projects/WebstormProjects/HEB-API/src/Models/ImageTypes.ts": {"path":"/Users/kyledavis/Documents/projects/WebstormProjects/HEB-API/src/Models/ImageTypes.ts","statementMap":{"0":{"start":{"line":8,"column":35},"end":{"line":13,"column":2}},"1":{"start":{"line":15,"column":9},"end":{"line":15,"column":23}}},"fnMap":{},"branchMap":{},"s":{"0":2,"1":2},"f":{},"b":{}}
,"/Users/kyledavis/Documents/projects/WebstormProjects/HEB-API/src/Models/Builders/ImageBuilder.ts": {"path":"/Users/kyledavis/Documents/projects/WebstormProjects/HEB-API/src/Models/Builders/ImageBuilder.ts","statementMap":{"0":{"start":{"line":1,"column":0},"end":{"line":1,"column":36}},"1":{"start":{"line":2,"column":0},"end":{"line":2,"column":45}},"2":{"start":{"line":3,"column":0},"end":{"line":3,"column":62}},"3":{"start":{"line":4,"column":0},"end":{"line":4,"column":58}},"4":{"start":{"line":5,"column":0},"end":{"line":5,"column":54}},"5":{"start":{"line":7,"column":0},"end":{"line":7,"column":null}},"6":{"start":{"line":15,"column":14},"end":{"line":15,"column":null}},"7":{"start":{"line":15,"column":2},"end":{"line":15,"column":14}},"8":{"start":{"line":24,"column":2},"end":{"line":26,"column":4}},"9":{"start":{"line":25,"column":4},"end":{"line":25,"column":23}},"10":{"start":{"line":28,"column":2},"end":{"line":39,"column":4}},"11":{"start":{"line":29,"column":4},"end":{"line":29,"column":42}},"12":{"start":{"line":30,"column":4},"end":{"line":30,"column":40}},"13":{"start":{"line":31,"column":4},"end":{"line":31,"column":32}},"14":{"start":{"line":32,"column":4},"end":{"line":32,"column":61}},"15":{"start":{"line":33,"column":4},"end":{"line":33,"column":68}},"16":{"start":{"line":34,"column":4},"end":{"line":34,"column":30}},"17":{"start":{"line":35,"column":4},"end":{"line":35,"column":29}},"18":{"start":{"line":36,"column":4},"end":{"line":36,"column":56}},"19":{"start":{"line":38,"column":4},"end":{"line":38,"column":16}},"20":{"start":{"line":41,"column":2},"end":{"line":68,"column":4}},"21":{"start":{"line":42,"column":4},"end":{"line":42,"column":42}},"22":{"start":{"line":44,"column":22},"end":{"line":44,"column":54}},"23":{"start":{"line":47,"column":21},"end":{"line":51,"column":6}},"24":{"start":{"line":53,"column":20},"end":{"line":57,"column":6}},"25":{"start":{"line":59,"column":4},"end":{"line":59,"column":40}},"26":{"start":{"line":60,"column":4},"end":{"line":60,"column":32}},"27":{"start":{"line":61,"column":4},"end":{"line":61,"column":61}},"28":{"start":{"line":62,"column":4},"end":{"line":62,"column":68}},"29":{"start":{"line":63,"column":4},"end":{"line":63,"column":36}},"30":{"start":{"line":64,"column":4},"end":{"line":64,"column":34}},"31":{"start":{"line":65,"column":4},"end":{"line":65,"column":33}},"32":{"start":{"line":67,"column":4},"end":{"line":67,"column":16}},"33":{"start":{"line":70,"column":2},"end":{"line":72,"column":4}},"34":{"start":{"line":71,"column":4},"end":{"line":71,"column":42}},"35":{"start":{"line":75,"column":2},"end":{"line":86,"column":4}},"36":{"start":{"line":77,"column":4},"end":{"line":77,"column":28}},"37":{"start":{"line":79,"column":4},"end":{"line":85,"column":6}},"38":{"start":{"line":16,"column":4},"end":{"line":16,"column":29}},"39":{"start":{"line":17,"column":4},"end":{"line":17,"column":22}},"40":{"start":{"line":18,"column":4},"end":{"line":18,"column":55}},"41":{"start":{"line":19,"column":4},"end":{"line":19,"column":61}},"42":{"start":{"line":20,"column":4},"end":{"line":20,"column":55}},"43":{"start":{"line":21,"column":4},"end":{"line":21,"column":61}},"44":{"start":{"line":87,"column":0},"end":{"line":87,"column":null}},"45":{"start":{"line":89,"column":9},"end":{"line":89,"column":21}}},"fnMap":{"0":{"name":"(anonymous_1)","decl":{"start":{"line":7,"column":0},"end":{"line":7,"column":null}},"loc":{"start":{"line":7,"column":0},"end":{"line":87,"column":null}}},"1":{"name":"ImageBuilder","decl":{"start":{"line":15,"column":2},"end":{"line":15,"column":14}},"loc":{"start":{"line":15,"column":31},"end":{"line":22,"column":3}}},"2":{"name":"(anonymous_3)","decl":{"start":{"line":24,"column":10},"end":{"line":24,"column":null}},"loc":{"start":{"line":24,"column":10},"end":{"line":26,"column":3}}},"3":{"name":"(anonymous_4)","decl":{"start":{"line":28,"column":21},"end":{"line":28,"column":null}},"loc":{"start":{"line":28,"column":21},"end":{"line":39,"column":3}}},"4":{"name":"(anonymous_5)","decl":{"start":{"line":41,"column":21},"end":{"line":41,"column":null}},"loc":{"start":{"line":41,"column":21},"end":{"line":68,"column":3}}},"5":{"name":"(anonymous_6)","decl":{"start":{"line":70,"column":14},"end":{"line":70,"column":null}},"loc":{"start":{"line":70,"column":14},"end":{"line":72,"column":3}}},"6":{"name":"(anonymous_7)","decl":{"start":{"line":75,"column":18},"end":{"line":75,"column":null}},"loc":{"start":{"line":75,"column":18},"end":{"line":86,"column":3}}}},"branchMap":{"0":{"loc":{"start":{"line":15,"column":14},"end":{"line":15,"column":null}},"type":"if","locations":[{"start":{"line":15,"column":14},"end":{"line":15,"column":null}}]}},"s":{"0":2,"1":2,"2":2,"3":2,"4":2,"5":2,"6":11,"7":9,"8":9,"9":11,"10":9,"11":4,"12":4,"13":4,"14":4,"15":4,"16":4,"17":4,"18":4,"19":4,"20":9,"21":11,"22":11,"23":11,"24":11,"25":11,"26":11,"27":11,"28":11,"29":11,"30":11,"31":11,"32":11,"33":9,"34":7,"35":9,"36":4,"37":4,"38":9,"39":9,"40":9,"41":9,"42":9,"43":9,"44":2,"45":2},"f":{"0":2,"1":9,"2":11,"3":4,"4":11,"5":7,"6":4},"b":{"0":[2]}}
,"/Users/kyledavis/Documents/projects/WebstormProjects/HEB-API/src/Models/Builders/ImageMetadataBuilder.ts": {"path":"/Users/kyledavis/Documents/projects/WebstormProjects/HEB-API/src/Models/Builders/ImageMetadataBuilder.ts","statementMap":{"0":{"start":{"line":1,"column":0},"end":{"line":1,"column":36}},"1":{"start":{"line":2,"column":0},"end":{"line":2,"column":69}},"2":{"start":{"line":4,"column":0},"end":{"line":4,"column":null}},"3":{"start":{"line":9,"column":14},"end":{"line":9,"column":null}},"4":{"start":{"line":9,"column":2},"end":{"line":9,"column":14}},"5":{"start":{"line":15,"column":2},"end":{"line":17,"column":4}},"6":{"start":{"line":16,"column":4},"end":{"line":16,"column":31}},"7":{"start":{"line":19,"column":2},"end":{"line":28,"column":4}},"8":{"start":{"line":20,"column":4},"end":{"line":20,"column":58}},"9":{"start":{"line":21,"column":4},"end":{"line":21,"column":50}},"10":{"start":{"line":22,"column":4},"end":{"line":22,"column":55}},"11":{"start":{"line":23,"column":4},"end":{"line":23,"column":40}},"12":{"start":{"line":24,"column":4},"end":{"line":24,"column":62}},"13":{"start":{"line":25,"column":4},"end":{"line":25,"column":64}},"14":{"start":{"line":27,"column":4},"end":{"line":27,"column":16}},"15":{"start":{"line":30,"column":2},"end":{"line":34,"column":4}},"16":{"start":{"line":31,"column":4},"end":{"line":31,"column":37}},"17":{"start":{"line":33,"column":4},"end":{"line":33,"column":16}},"18":{"start":{"line":10,"column":4},"end":{"line":10,"column":45}},"19":{"start":{"line":11,"column":4},"end":{"line":11,"column":22}},"20":{"start":{"line":12,"column":4},"end":{"line":12,"column":55}},"21":{"start":{"line":35,"column":0},"end":{"line":35,"column":null}},"22":{"start":{"line":37,"column":9},"end":{"line":37,"column":29}}},"fnMap":{"0":{"name":"(anonymous_1)","decl":{"start":{"line":4,"column":0},"end":{"line":4,"column":null}},"loc":{"start":{"line":4,"column":0},"end":{"line":35,"column":null}}},"1":{"name":"ImageMetadataBuilder","decl":{"start":{"line":9,"column":2},"end":{"line":9,"column":14}},"loc":{"start":{"line":9,"column":31},"end":{"line":13,"column":3}}},"2":{"name":"(anonymous_3)","decl":{"start":{"line":15,"column":10},"end":{"line":15,"column":null}},"loc":{"start":{"line":15,"column":10},"end":{"line":17,"column":3}}},"3":{"name":"(anonymous_4)","decl":{"start":{"line":19,"column":11},"end":{"line":19,"column":null}},"loc":{"start":{"line":19,"column":11},"end":{"line":28,"column":3}}},"4":{"name":"(anonymous_5)","decl":{"start":{"line":30,"column":18},"end":{"line":30,"column":19}},"loc":{"start":{"line":30,"column":29},"end":{"line":34,"column":3}}}},"branchMap":{"0":{"loc":{"start":{"line":9,"column":14},"end":{"line":9,"column":null}},"type":"if","locations":[{"start":{"line":9,"column":14},"end":{"line":9,"column":null}}]}},"s":{"0":2,"1":2,"2":2,"3":11,"4":10,"5":10,"6":39,"7":10,"8":39,"9":39,"10":39,"11":39,"12":39,"13":39,"14":39,"15":10,"16":39,"17":39,"18":10,"19":10,"20":10,"21":2,"22":2},"f":{"0":2,"1":10,"2":39,"3":39,"4":39},"b":{"0":[1]}}
,"/Users/kyledavis/Documents/projects/WebstormProjects/HEB-API/src/Models/Builders/ImageObjectBuilder.ts": {"path":"/Users/kyledavis/Documents/projects/WebstormProjects/HEB-API/src/Models/Builders/ImageObjectBuilder.ts","statementMap":{"0":{"start":{"line":1,"column":0},"end":{"line":1,"column":36}},"1":{"start":{"line":3,"column":0},"end":{"line":3,"column":65}},"2":{"start":{"line":5,"column":0},"end":{"line":5,"column":null}},"3":{"start":{"line":10,"column":14},"end":{"line":10,"column":null}},"4":{"start":{"line":10,"column":2},"end":{"line":10,"column":14}},"5":{"start":{"line":16,"column":2},"end":{"line":18,"column":4}},"6":{"start":{"line":17,"column":4},"end":{"line":17,"column":29}},"7":{"start":{"line":20,"column":2},"end":{"line":29,"column":4}},"8":{"start":{"line":21,"column":4},"end":{"line":21,"column":56}},"9":{"start":{"line":22,"column":4},"end":{"line":22,"column":48}},"10":{"start":{"line":23,"column":4},"end":{"line":23,"column":53}},"11":{"start":{"line":24,"column":4},"end":{"line":24,"column":38}},"12":{"start":{"line":25,"column":4},"end":{"line":25,"column":61}},"13":{"start":{"line":26,"column":4},"end":{"line":26,"column":50}},"14":{"start":{"line":28,"column":4},"end":{"line":28,"column":16}},"15":{"start":{"line":31,"column":2},"end":{"line":35,"column":4}},"16":{"start":{"line":32,"column":4},"end":{"line":32,"column":35}},"17":{"start":{"line":34,"column":4},"end":{"line":34,"column":16}},"18":{"start":{"line":37,"column":2},"end":{"line":41,"column":4}},"19":{"start":{"line":38,"column":4},"end":{"line":38,"column":33}},"20":{"start":{"line":40,"column":4},"end":{"line":40,"column":16}},"21":{"start":{"line":43,"column":2},"end":{"line":47,"column":4}},"22":{"start":{"line":44,"column":4},"end":{"line":44,"column":39}},"23":{"start":{"line":46,"column":4},"end":{"line":46,"column":16}},"24":{"start":{"line":11,"column":4},"end":{"line":11,"column":41}},"25":{"start":{"line":12,"column":4},"end":{"line":12,"column":22}},"26":{"start":{"line":13,"column":4},"end":{"line":13,"column":55}},"27":{"start":{"line":48,"column":0},"end":{"line":48,"column":null}},"28":{"start":{"line":50,"column":9},"end":{"line":50,"column":27}}},"fnMap":{"0":{"name":"(anonymous_1)","decl":{"start":{"line":5,"column":0},"end":{"line":5,"column":null}},"loc":{"start":{"line":5,"column":0},"end":{"line":48,"column":null}}},"1":{"name":"ImageObjectBuilder","decl":{"start":{"line":10,"column":2},"end":{"line":10,"column":14}},"loc":{"start":{"line":10,"column":31},"end":{"line":14,"column":3}}},"2":{"name":"(anonymous_3)","decl":{"start":{"line":16,"column":10},"end":{"line":16,"column":null}},"loc":{"start":{"line":16,"column":10},"end":{"line":18,"column":3}}},"3":{"name":"(anonymous_4)","decl":{"start":{"line":20,"column":11},"end":{"line":20,"column":null}},"loc":{"start":{"line":20,"column":11},"end":{"line":29,"column":3}}},"4":{"name":"(anonymous_5)","decl":{"start":{"line":31,"column":18},"end":{"line":31,"column":19}},"loc":{"start":{"line":31,"column":29},"end":{"line":35,"column":3}}},"5":{"name":"(anonymous_6)","decl":{"start":{"line":37,"column":15},"end":{"line":37,"column":16}},"loc":{"start":{"line":37,"column":27},"end":{"line":41,"column":3}}},"6":{"name":"(anonymous_7)","decl":{"start":{"line":43,"column":21},"end":{"line":43,"column":22}},"loc":{"start":{"line":43,"column":33},"end":{"line":47,"column":3}}}},"branchMap":{"0":{"loc":{"start":{"line":10,"column":14},"end":{"line":10,"column":null}},"type":"if","locations":[{"start":{"line":10,"column":14},"end":{"line":10,"column":null}}]}},"s":{"0":2,"1":2,"2":2,"3":13,"4":11,"5":11,"6":41,"7":11,"8":41,"9":41,"10":41,"11":41,"12":41,"13":41,"14":41,"15":11,"16":39,"17":39,"18":11,"19":0,"20":0,"21":11,"22":0,"23":0,"24":11,"25":11,"26":11,"27":2,"28":2},"f":{"0":2,"1":11,"2":41,"3":41,"4":39,"5":0,"6":0},"b":{"0":[2]}}
,"/Users/kyledavis/Documents/projects/WebstormProjects/HEB-API/src/Models/Builders/ImageTypeBuilder.ts": {"path":"/Users/kyledavis/Documents/projects/WebstormProjects/HEB-API/src/Models/Builders/ImageTypeBuilder.ts","statementMap":{"0":{"start":{"line":1,"column":0},"end":{"line":1,"column":36}},"1":{"start":{"line":3,"column":0},"end":{"line":3,"column":59}},"2":{"start":{"line":5,"column":0},"end":{"line":5,"column":null}},"3":{"start":{"line":10,"column":14},"end":{"line":10,"column":null}},"4":{"start":{"line":10,"column":2},"end":{"line":10,"column":14}},"5":{"start":{"line":16,"column":2},"end":{"line":18,"column":4}},"6":{"start":{"line":17,"column":4},"end":{"line":17,"column":27}},"7":{"start":{"line":20,"column":2},"end":{"line":27,"column":4}},"8":{"start":{"line":21,"column":4},"end":{"line":21,"column":54}},"9":{"start":{"line":22,"column":4},"end":{"line":22,"column":46}},"10":{"start":{"line":23,"column":4},"end":{"line":23,"column":36}},"11":{"start":{"line":24,"column":4},"end":{"line":24,"column":60}},"12":{"start":{"line":26,"column":4},"end":{"line":26,"column":16}},"13":{"start":{"line":29,"column":2},"end":{"line":33,"column":4}},"14":{"start":{"line":30,"column":4},"end":{"line":30,"column":32}},"15":{"start":{"line":32,"column":4},"end":{"line":32,"column":16}},"16":{"start":{"line":36,"column":2},"end":{"line":46,"column":4}},"17":{"start":{"line":38,"column":4},"end":{"line":38,"column":18}},"18":{"start":{"line":40,"column":4},"end":{"line":45,"column":6}},"19":{"start":{"line":11,"column":4},"end":{"line":11,"column":37}},"20":{"start":{"line":12,"column":4},"end":{"line":12,"column":22}},"21":{"start":{"line":13,"column":4},"end":{"line":13,"column":55}},"22":{"start":{"line":47,"column":0},"end":{"line":47,"column":null}},"23":{"start":{"line":49,"column":9},"end":{"line":49,"column":25}}},"fnMap":{"0":{"name":"(anonymous_1)","decl":{"start":{"line":5,"column":0},"end":{"line":5,"column":null}},"loc":{"start":{"line":5,"column":0},"end":{"line":47,"column":null}}},"1":{"name":"ImageTypeBuilder","decl":{"start":{"line":10,"column":2},"end":{"line":10,"column":14}},"loc":{"start":{"line":10,"column":31},"end":{"line":14,"column":3}}},"2":{"name":"(anonymous_3)","decl":{"start":{"line":16,"column":10},"end":{"line":16,"column":null}},"loc":{"start":{"line":16,"column":10},"end":{"line":18,"column":3}}},"3":{"name":"(anonymous_4)","decl":{"start":{"line":20,"column":11},"end":{"line":20,"column":null}},"loc":{"start":{"line":20,"column":11},"end":{"line":27,"column":3}}},"4":{"name":"(anonymous_5)","decl":{"start":{"line":29,"column":16},"end":{"line":29,"column":17}},"loc":{"start":{"line":29,"column":28},"end":{"line":33,"column":3}}},"5":{"name":"(anonymous_6)","decl":{"start":{"line":36,"column":18},"end":{"line":36,"column":null}},"loc":{"start":{"line":36,"column":18},"end":{"line":46,"column":3}}}},"branchMap":{"0":{"loc":{"start":{"line":10,"column":14},"end":{"line":10,"column":null}},"type":"if","locations":[{"start":{"line":10,"column":14},"end":{"line":10,"column":null}}]}},"s":{"0":2,"1":2,"2":2,"3":11,"4":10,"5":10,"6":15,"7":10,"8":19,"9":19,"10":19,"11":19,"12":19,"13":10,"14":0,"15":0,"16":10,"17":4,"18":4,"19":10,"20":10,"21":10,"22":2,"23":2},"f":{"0":2,"1":10,"2":15,"3":19,"4":0,"5":4},"b":{"0":[1]}}
,"/Users/kyledavis/Documents/projects/WebstormProjects/HEB-API/src/handlers/imageHandler.ts": {"path":"/Users/kyledavis/Documents/projects/WebstormProjects/HEB-API/src/handlers/imageHandler.ts","statementMap":{"0":{"start":{"line":2,"column":0},"end":{"line":2,"column":26}},"1":{"start":{"line":3,"column":0},"end":{"line":3,"column":26}},"2":{"start":{"line":4,"column":0},"end":{"line":4,"column":52}},"3":{"start":{"line":6,"column":0},"end":{"line":6,"column":53}},"4":{"start":{"line":7,"column":0},"end":{"line":7,"column":76}},"5":{"start":{"line":8,"column":0},"end":{"line":8,"column":54}},"6":{"start":{"line":11,"column":21},"end":{"line":174,"column":2}},"7":{"start":{"line":13,"column":4},"end":{"line":46,"column":6}},"8":{"start":{"line":13,"column":45},"end":{"line":46,"column":6}},"9":{"start":{"line":14,"column":6},"end":{"line":18,"column":null}},"10":{"start":{"line":15,"column":8},"end":{"line":17,"column":11}},"11":{"start":{"line":21,"column":23},"end":{"line":21,"column":40}},"12":{"start":{"line":22,"column":10},"end":{"line":22,"column":31}},"13":{"start":{"line":25,"column":10},"end":{"line":25,"column":22}},"14":{"start":{"line":27,"column":14},"end":{"line":27,"column":66}},"15":{"start":{"line":30,"column":20},"end":{"line":32,"column":null}},"16":{"start":{"line":30,"column":14},"end":{"line":32,"column":null}},"17":{"start":{"line":33,"column":8},"end":{"line":37,"column":null}},"18":{"start":{"line":34,"column":10},"end":{"line":36,"column":13}},"19":{"start":{"line":40,"column":17},"end":{"line":40,"column":56}},"20":{"start":{"line":40,"column":8},"end":{"line":40,"column":56}},"21":{"start":{"line":42,"column":17},"end":{"line":42,"column":49}},"22":{"start":{"line":42,"column":8},"end":{"line":42,"column":49}},"23":{"start":{"line":45,"column":6},"end":{"line":45,"column":42}},"24":{"start":{"line":50,"column":4},"end":{"line":66,"column":6}},"25":{"start":{"line":50,"column":45},"end":{"line":66,"column":6}},"26":{"start":{"line":51,"column":6},"end":{"line":55,"column":null}},"27":{"start":{"line":52,"column":8},"end":{"line":54,"column":68}},"28":{"start":{"line":57,"column":14},"end":{"line":57,"column":21}},"29":{"start":{"line":58,"column":12},"end":{"line":58,"column":47}},"30":{"start":{"line":60,"column":20},"end":{"line":60,"column":null}},"31":{"start":{"line":60,"column":12},"end":{"line":60,"column":null}},"32":{"start":{"line":61,"column":6},"end":{"line":63,"column":null}},"33":{"start":{"line":62,"column":8},"end":{"line":62,"column":79}},"34":{"start":{"line":65,"column":6},"end":{"line":65,"column":41}},"35":{"start":{"line":70,"column":4},"end":{"line":126,"column":6}},"36":{"start":{"line":70,"column":45},"end":{"line":126,"column":6}},"37":{"start":{"line":71,"column":6},"end":{"line":75,"column":null}},"38":{"start":{"line":72,"column":8},"end":{"line":74,"column":11}},"39":{"start":{"line":77,"column":12},"end":{"line":77,"column":31}},"40":{"start":{"line":79,"column":29},"end":{"line":79,"column":41}},"41":{"start":{"line":80,"column":10},"end":{"line":80,"column":null}},"42":{"start":{"line":81,"column":10},"end":{"line":81,"column":null}},"43":{"start":{"line":79,"column":10},"end":{"line":81,"column":null}},"44":{"start":{"line":84,"column":23},"end":{"line":84,"column":null}},"45":{"start":{"line":84,"column":12},"end":{"line":84,"column":null}},"46":{"start":{"line":85,"column":12},"end":{"line":85,"column":75}},"47":{"start":{"line":85,"column":47},"end":{"line":85,"column":67}},"48":{"start":{"line":86,"column":6},"end":{"line":90,"column":null}},"49":{"start":{"line":87,"column":8},"end":{"line":89,"column":75}},"50":{"start":{"line":93,"column":38},"end":{"line":97,"column":null}},"51":{"start":{"line":93,"column":12},"end":{"line":97,"column":null}},"52":{"start":{"line":98,"column":6},"end":{"line":102,"column":null}},"53":{"start":{"line":99,"column":8},"end":{"line":101,"column":11}},"54":{"start":{"line":105,"column":19},"end":{"line":105,"column":null}},"55":{"start":{"line":105,"column":12},"end":{"line":105,"column":null}},"56":{"start":{"line":106,"column":6},"end":{"line":108,"column":null}},"57":{"start":{"line":107,"column":8},"end":{"line":107,"column":71}},"58":{"start":{"line":111,"column":12},"end":{"line":111,"column":46}},"59":{"start":{"line":112,"column":6},"end":{"line":112,"column":36}},"60":{"start":{"line":114,"column":12},"end":{"line":114,"column":41}},"61":{"start":{"line":115,"column":6},"end":{"line":115,"column":32}},"62":{"start":{"line":116,"column":6},"end":{"line":116,"column":27}},"63":{"start":{"line":117,"column":6},"end":{"line":117,"column":33}},"64":{"start":{"line":118,"column":6},"end":{"line":118,"column":35}},"65":{"start":{"line":119,"column":6},"end":{"line":119,"column":48}},"66":{"start":{"line":121,"column":39},"end":{"line":123,"column":null}},"67":{"start":{"line":121,"column":12},"end":{"line":123,"column":null}},"68":{"start":{"line":125,"column":6},"end":{"line":125,"column":46}},"69":{"start":{"line":132,"column":4},"end":{"line":136,"column":null}},"70":{"start":{"line":133,"column":6},"end":{"line":133,"column":25}},"71":{"start":{"line":135,"column":6},"end":{"line":135,"column":19}},"72":{"start":{"line":138,"column":4},"end":{"line":138,"column":65}},"73":{"start":{"line":141,"column":35},"end":{"line":146,"column":null}},"74":{"start":{"line":142,"column":24},"end":{"line":142,"column":null}},"75":{"start":{"line":142,"column":10},"end":{"line":142,"column":null}},"76":{"start":{"line":143,"column":10},"end":{"line":143,"column":78}},"77":{"start":{"line":145,"column":4},"end":{"line":145,"column":48}},"78":{"start":{"line":148,"column":43},"end":{"line":173,"column":null}},"79":{"start":{"line":150,"column":4},"end":{"line":153,"column":null}},"80":{"start":{"line":151,"column":12},"end":{"line":151,"column":74}},"81":{"start":{"line":152,"column":6},"end":{"line":152,"column":48}},"82":{"start":{"line":155,"column":10},"end":{"line":155,"column":64}},"83":{"start":{"line":156,"column":37},"end":{"line":156,"column":null}},"84":{"start":{"line":156,"column":10},"end":{"line":156,"column":null}},"85":{"start":{"line":158,"column":10},"end":{"line":158,"column":46}},"86":{"start":{"line":159,"column":4},"end":{"line":170,"column":null}},"87":{"start":{"line":159,"column":15},"end":{"line":159,"column":25}},"88":{"start":{"line":160,"column":6},"end":{"line":169,"column":null}},"89":{"start":{"line":165,"column":14},"end":{"line":165,"column":47}},"90":{"start":{"line":166,"column":8},"end":{"line":166,"column":24}},"91":{"start":{"line":167,"column":8},"end":{"line":167,"column":36}},"92":{"start":{"line":168,"column":8},"end":{"line":168,"column":33}},"93":{"start":{"line":172,"column":4},"end":{"line":172,"column":42}},"94":{"start":{"line":176,"column":9},"end":{"line":176,"column":21}}},"fnMap":{"0":{"name":"(anonymous_16)","decl":{"start":{"line":12,"column":10},"end":{"line":12,"column":11}},"loc":{"start":{"line":12,"column":37},"end":{"line":47,"column":3}}},"1":{"name":"(anonymous_17)","decl":{"start":{"line":13,"column":11},"end":{"line":13,"column":18}},"loc":{"start":{"line":13,"column":45},"end":{"line":46,"column":6}}},"2":{"name":"(anonymous_18)","decl":{"start":{"line":13,"column":45},"end":{"line":13,"column":null}},"loc":{"start":{"line":13,"column":45},"end":{"line":46,"column":6}}},"3":{"name":"(anonymous_20)","decl":{"start":{"line":49,"column":11},"end":{"line":49,"column":12}},"loc":{"start":{"line":49,"column":38},"end":{"line":67,"column":3}}},"4":{"name":"(anonymous_21)","decl":{"start":{"line":50,"column":11},"end":{"line":50,"column":18}},"loc":{"start":{"line":50,"column":45},"end":{"line":66,"column":6}}},"5":{"name":"(anonymous_22)","decl":{"start":{"line":50,"column":45},"end":{"line":50,"column":null}},"loc":{"start":{"line":50,"column":45},"end":{"line":66,"column":6}}},"6":{"name":"(anonymous_24)","decl":{"start":{"line":69,"column":13},"end":{"line":69,"column":14}},"loc":{"start":{"line":69,"column":40},"end":{"line":127,"column":3}}},"7":{"name":"(anonymous_25)","decl":{"start":{"line":70,"column":11},"end":{"line":70,"column":18}},"loc":{"start":{"line":70,"column":45},"end":{"line":126,"column":6}}},"8":{"name":"(anonymous_26)","decl":{"start":{"line":70,"column":45},"end":{"line":70,"column":null}},"loc":{"start":{"line":70,"column":45},"end":{"line":126,"column":6}}},"9":{"name":"(anonymous_28)","decl":{"start":{"line":85,"column":40},"end":{"line":85,"column":41}},"loc":{"start":{"line":85,"column":42},"end":{"line":85,"column":48}}},"10":{"name":"(anonymous_29)","decl":{"start":{"line":129,"column":18},"end":{"line":129,"column":19}},"loc":{"start":{"line":129,"column":30},"end":{"line":139,"column":3}}},"11":{"name":"(anonymous_30)","decl":{"start":{"line":141,"column":17},"end":{"line":141,"column":24}},"loc":{"start":{"line":141,"column":35},"end":{"line":146,"column":null}}},"12":{"name":"(anonymous_31)","decl":{"start":{"line":141,"column":35},"end":{"line":141,"column":null}},"loc":{"start":{"line":141,"column":35},"end":{"line":146,"column":null}}},"13":{"name":"(anonymous_33)","decl":{"start":{"line":148,"column":20},"end":{"line":148,"column":27}},"loc":{"start":{"line":148,"column":43},"end":{"line":173,"column":null}}},"14":{"name":"(anonymous_34)","decl":{"start":{"line":148,"column":43},"end":{"line":148,"column":null}},"loc":{"start":{"line":148,"column":43},"end":{"line":173,"column":null}}}},"branchMap":{"0":{"loc":{"start":{"line":42,"column":17},"end":{"line":42,"column":49}},"type":"switch","locations":[{"start":{"line":42,"column":17},"end":{"line":42,"column":49}},{"start":{"line":45,"column":6},"end":{"line":45,"column":42}}]},"1":{"loc":{"start":{"line":14,"column":6},"end":{"line":18,"column":null}},"type":"if","locations":[{"start":{"line":14,"column":6},"end":{"line":18,"column":null}}]},"2":{"loc":{"start":{"line":25,"column":10},"end":{"line":25,"column":22}},"type":"if","locations":[{"start":{"line":25,"column":10},"end":{"line":25,"column":22}}]},"3":{"loc":{"start":{"line":25,"column":10},"end":{"line":25,"column":58}},"type":"binary-expr","locations":[{"start":{"line":25,"column":10},"end":{"line":25,"column":22}},{"start":{"line":25,"column":26},"end":{"line":25,"column":58}}]},"4":{"loc":{"start":{"line":33,"column":8},"end":{"line":37,"column":null}},"type":"if","locations":[{"start":{"line":33,"column":8},"end":{"line":37,"column":null}}]},"5":{"loc":{"start":{"line":51,"column":6},"end":{"line":55,"column":null}},"type":"if","locations":[{"start":{"line":51,"column":6},"end":{"line":55,"column":null}}]},"6":{"loc":{"start":{"line":61,"column":6},"end":{"line":63,"column":null}},"type":"if","locations":[{"start":{"line":61,"column":6},"end":{"line":63,"column":null}}]},"7":{"loc":{"start":{"line":71,"column":6},"end":{"line":75,"column":null}},"type":"if","locations":[{"start":{"line":71,"column":6},"end":{"line":75,"column":null}}]},"8":{"loc":{"start":{"line":79,"column":29},"end":{"line":79,"column":41}},"type":"if","locations":[{"start":{"line":79,"column":29},"end":{"line":79,"column":41}}]},"9":{"loc":{"start":{"line":85,"column":26},"end":{"line":85,"column":74}},"type":"cond-expr","locations":[{"start":{"line":85,"column":67},"end":{"line":85,"column":69}},{"start":{"line":85,"column":67},"end":{"line":85,"column":74}}]},"10":{"loc":{"start":{"line":85,"column":26},"end":{"line":85,"column":69}},"type":"binary-expr","locations":[{"start":{"line":85,"column":26},"end":{"line":85,"column":69}},{"start":{"line":85,"column":67},"end":{"line":85,"column":69}}]},"11":{"loc":{"start":{"line":86,"column":6},"end":{"line":90,"column":null}},"type":"if","locations":[{"start":{"line":86,"column":6},"end":{"line":90,"column":null}}]},"12":{"loc":{"start":{"line":98,"column":6},"end":{"line":102,"column":null}},"type":"if","locations":[{"start":{"line":98,"column":6},"end":{"line":102,"column":null}}]},"13":{"loc":{"start":{"line":106,"column":6},"end":{"line":108,"column":null}},"type":"if","locations":[{"start":{"line":106,"column":6},"end":{"line":108,"column":null}}]},"14":{"loc":{"start":{"line":119,"column":23},"end":{"line":119,"column":47}},"type":"cond-expr","locations":[{"start":{"line":119,"column":23},"end":{"line":119,"column":28}},{"start":{"line":119,"column":32},"end":{"line":119,"column":47}}]},"15":{"loc":{"start":{"line":119,"column":23},"end":{"line":119,"column":32}},"type":"binary-expr","locations":[{"start":{"line":119,"column":23},"end":{"line":119,"column":32}},{"start":{"line":119,"column":23},"end":{"line":119,"column":32}}]},"16":{"loc":{"start":{"line":138,"column":11},"end":{"line":138,"column":64}},"type":"binary-expr","locations":[{"start":{"line":138,"column":11},"end":{"line":138,"column":35}},{"start":{"line":138,"column":39},"end":{"line":138,"column":64}}]},"17":{"loc":{"start":{"line":142,"column":24},"end":{"line":142,"column":null}},"type":"switch","locations":[{"start":{"line":142,"column":24},"end":{"line":142,"column":null}}]},"18":{"loc":{"start":{"line":150,"column":4},"end":{"line":153,"column":null}},"type":"if","locations":[{"start":{"line":150,"column":4},"end":{"line":153,"column":null}}]},"19":{"loc":{"start":{"line":160,"column":6},"end":{"line":169,"column":null}},"type":"if","locations":[{"start":{"line":160,"column":6},"end":{"line":169,"column":null}}]},"20":{"loc":{"start":{"line":161,"column":8},"end":{"line":163,"column":32}},"type":"binary-expr","locations":[{"start":{"line":161,"column":8},"end":{"line":161,"column":31}},{"start":{"line":162,"column":8},"end":{"line":162,"column":31}},{"start":{"line":163,"column":8},"end":{"line":163,"column":32}}]}},"s":{"0":1,"1":1,"2":1,"3":1,"4":1,"5":1,"6":1,"7":2,"8":5,"9":5,"10":0,"11":5,"12":5,"13":7,"14":3,"15":3,"16":3,"17":3,"18":2,"19":1,"20":1,"21":2,"22":2,"23":3,"24":1,"25":13,"26":13,"27":10,"28":3,"29":3,"30":3,"31":3,"32":3,"33":1,"34":2,"35":1,"36":12,"37":12,"38":10,"39":2,"40":3,"41":2,"42":1,"43":2,"44":2,"45":2,"46":2,"47":2,"48":2,"49":0,"50":2,"51":2,"52":2,"53":0,"54":2,"55":2,"56":2,"57":0,"58":2,"59":2,"60":2,"61":2,"62":2,"63":2,"64":2,"65":2,"66":2,"67":2,"68":2,"69":2,"70":2,"71":0,"72":2,"73":1,"74":1,"75":1,"76":1,"77":1,"78":2,"79":2,"80":2,"81":2,"82":2,"83":2,"84":2,"85":2,"86":2,"87":26,"88":26,"89":23,"90":23,"91":23,"92":23,"93":2,"94":1},"f":{"0":2,"1":5,"2":5,"3":1,"4":13,"5":13,"6":1,"7":12,"8":12,"9":2,"10":2,"11":1,"12":1,"13":2,"14":2},"b":{"0":[2,3],"1":[0],"2":[2],"3":[5,3],"4":[2],"5":[10],"6":[1],"7":[10],"8":[1],"9":[0,2],"10":[2,2],"11":[0],"12":[0],"13":[0],"14":[2,0],"15":[2,2],"16":[2,2],"17":[1],"18":[2],"19":[23],"20":[26,16,9]}}
,"/Users/kyledavis/Documents/projects/WebstormProjects/HEB-API/src/repositories/imageRepository/imageRepositoryImpl.ts": {"path":"/Users/kyledavis/Documents/projects/WebstormProjects/HEB-API/src/repositories/imageRepository/imageRepositoryImpl.ts","statementMap":{"0":{"start":{"line":2,"column":0},"end":{"line":2,"column":62}},"1":{"start":{"line":4,"column":0},"end":{"line":4,"column":75}},"2":{"start":{"line":6,"column":0},"end":{"line":6,"column":76}},"3":{"start":{"line":17,"column":0},"end":{"line":17,"column":68}},"4":{"start":{"line":38,"column":49},"end":{"line":286,"column":2}},"5":{"start":{"line":39,"column":49},"end":{"line":67,"column":null}},"6":{"start":{"line":40,"column":10},"end":{"line":40,"column":21}},"7":{"start":{"line":41,"column":4},"end":{"line":41,"column":28}},"8":{"start":{"line":41,"column":16},"end":{"line":41,"column":28}},"9":{"start":{"line":42,"column":4},"end":{"line":42,"column":29}},"10":{"start":{"line":42,"column":13},"end":{"line":42,"column":29}},"11":{"start":{"line":44,"column":10},"end":{"line":52,"column":133}},"12":{"start":{"line":54,"column":20},"end":{"line":54,"column":null}},"13":{"start":{"line":54,"column":74},"end":{"line":54,"column":76}},"14":{"start":{"line":54,"column":10},"end":{"line":54,"column":null}},"15":{"start":{"line":55,"column":4},"end":{"line":55,"column":57}},"16":{"start":{"line":55,"column":45},"end":{"line":55,"column":57}},"17":{"start":{"line":58,"column":10},"end":{"line":58,"column":71}},"18":{"start":{"line":59,"column":10},"end":{"line":59,"column":77}},"19":{"start":{"line":60,"column":10},"end":{"line":64,"column":7}},"20":{"start":{"line":66,"column":4},"end":{"line":66,"column":21}},"21":{"start":{"line":69,"column":51},"end":{"line":97,"column":null}},"22":{"start":{"line":70,"column":10},"end":{"line":70,"column":22}},"23":{"start":{"line":71,"column":4},"end":{"line":71,"column":36}},"24":{"start":{"line":71,"column":26},"end":{"line":71,"column":36}},"25":{"start":{"line":72,"column":4},"end":{"line":72,"column":29}},"26":{"start":{"line":72,"column":13},"end":{"line":72,"column":29}},"27":{"start":{"line":74,"column":10},"end":{"line":82,"column":134}},"28":{"start":{"line":84,"column":20},"end":{"line":84,"column":null}},"29":{"start":{"line":84,"column":10},"end":{"line":84,"column":null}},"30":{"start":{"line":85,"column":4},"end":{"line":85,"column":55}},"31":{"start":{"line":85,"column":45},"end":{"line":85,"column":55}},"32":{"start":{"line":88,"column":10},"end":{"line":88,"column":71}},"33":{"start":{"line":89,"column":10},"end":{"line":89,"column":77}},"34":{"start":{"line":90,"column":10},"end":{"line":94,"column":7}},"35":{"start":{"line":96,"column":4},"end":{"line":96,"column":18}},"36":{"start":{"line":99,"column":47},"end":{"line":126,"column":null}},"37":{"start":{"line":100,"column":10},"end":{"line":100,"column":17}},"38":{"start":{"line":101,"column":4},"end":{"line":101,"column":29}},"39":{"start":{"line":101,"column":13},"end":{"line":101,"column":29}},"40":{"start":{"line":103,"column":10},"end":{"line":111,"column":117}},"41":{"start":{"line":113,"column":20},"end":{"line":113,"column":null}},"42":{"start":{"line":113,"column":10},"end":{"line":113,"column":null}},"43":{"start":{"line":114,"column":4},"end":{"line":114,"column":45}},"44":{"start":{"line":114,"column":18},"end":{"line":114,"column":45}},"45":{"start":{"line":117,"column":10},"end":{"line":117,"column":71}},"46":{"start":{"line":118,"column":10},"end":{"line":118,"column":77}},"47":{"start":{"line":119,"column":10},"end":{"line":123,"column":7}},"48":{"start":{"line":125,"column":4},"end":{"line":125,"column":18}},"49":{"start":{"line":129,"column":31},"end":{"line":144,"column":null}},"50":{"start":{"line":131,"column":10},"end":{"line":131,"column":26}},"51":{"start":{"line":132,"column":4},"end":{"line":132,"column":40}},"52":{"start":{"line":132,"column":30},"end":{"line":132,"column":40}},"53":{"start":{"line":133,"column":4},"end":{"line":133,"column":29}},"54":{"start":{"line":133,"column":13},"end":{"line":133,"column":29}},"55":{"start":{"line":135,"column":10},"end":{"line":137,"column":104}},"56":{"start":{"line":138,"column":20},"end":{"line":138,"column":null}},"57":{"start":{"line":138,"column":73},"end":{"line":138,"column":75}},"58":{"start":{"line":138,"column":10},"end":{"line":138,"column":null}},"59":{"start":{"line":139,"column":4},"end":{"line":139,"column":28}},"60":{"start":{"line":139,"column":18},"end":{"line":139,"column":28}},"61":{"start":{"line":141,"column":10},"end":{"line":141,"column":50}},"62":{"start":{"line":141,"column":42},"end":{"line":141,"column":49}},"63":{"start":{"line":143,"column":4},"end":{"line":143,"column":15}},"64":{"start":{"line":147,"column":41},"end":{"line":190,"column":null}},"65":{"start":{"line":149,"column":10},"end":{"line":149,"column":24}},"66":{"start":{"line":150,"column":4},"end":{"line":150,"column":29}},"67":{"start":{"line":150,"column":13},"end":{"line":150,"column":29}},"68":{"start":{"line":153,"column":10},"end":{"line":154,"column":118}},"69":{"start":{"line":155,"column":10},"end":{"line":155,"column":61}},"70":{"start":{"line":156,"column":29},"end":{"line":156,"column":null}},"71":{"start":{"line":156,"column":10},"end":{"line":156,"column":null}},"72":{"start":{"line":157,"column":4},"end":{"line":157,"column":39}},"73":{"start":{"line":157,"column":27},"end":{"line":157,"column":39}},"74":{"start":{"line":158,"column":4},"end":{"line":158,"column":41}},"75":{"start":{"line":161,"column":8},"end":{"line":161,"column":29}},"76":{"start":{"line":162,"column":8},"end":{"line":162,"column":31}},"77":{"start":{"line":163,"column":4},"end":{"line":167,"column":7}},"78":{"start":{"line":164,"column":6},"end":{"line":165,"column":52}},"79":{"start":{"line":166,"column":6},"end":{"line":166,"column":60}},"80":{"start":{"line":169,"column":30},"end":{"line":169,"column":null}},"81":{"start":{"line":169,"column":10},"end":{"line":169,"column":null}},"82":{"start":{"line":170,"column":4},"end":{"line":170,"column":40}},"83":{"start":{"line":170,"column":28},"end":{"line":170,"column":40}},"84":{"start":{"line":173,"column":8},"end":{"line":173,"column":32}},"85":{"start":{"line":174,"column":8},"end":{"line":174,"column":33}},"86":{"start":{"line":175,"column":4},"end":{"line":179,"column":7}},"87":{"start":{"line":176,"column":6},"end":{"line":177,"column":52}},"88":{"start":{"line":178,"column":6},"end":{"line":178,"column":54}},"89":{"start":{"line":181,"column":28},"end":{"line":184,"column":null}},"90":{"start":{"line":181,"column":10},"end":{"line":184,"column":null}},"91":{"start":{"line":185,"column":4},"end":{"line":185,"column":38}},"92":{"start":{"line":185,"column":26},"end":{"line":185,"column":38}},"93":{"start":{"line":187,"column":23},"end":{"line":187,"column":null}},"94":{"start":{"line":187,"column":10},"end":{"line":187,"column":null}},"95":{"start":{"line":189,"column":4},"end":{"line":189,"column":22}},"96":{"start":{"line":192,"column":50},"end":{"line":200,"column":null}},"97":{"start":{"line":193,"column":10},"end":{"line":193,"column":30}},"98":{"start":{"line":194,"column":4},"end":{"line":194,"column":36}},"99":{"start":{"line":194,"column":13},"end":{"line":194,"column":36}},"100":{"start":{"line":196,"column":17},"end":{"line":196,"column":null}},"101":{"start":{"line":196,"column":10},"end":{"line":196,"column":null}},"102":{"start":{"line":197,"column":4},"end":{"line":197,"column":27}},"103":{"start":{"line":197,"column":15},"end":{"line":197,"column":27}},"104":{"start":{"line":199,"column":4},"end":{"line":199,"column":16}},"105":{"start":{"line":203,"column":38},"end":{"line":221,"column":null}},"106":{"start":{"line":205,"column":10},"end":{"line":205,"column":27}},"107":{"start":{"line":206,"column":4},"end":{"line":206,"column":32}},"108":{"start":{"line":206,"column":13},"end":{"line":206,"column":32}},"109":{"start":{"line":208,"column":38},"end":{"line":210,"column":null}},"110":{"start":{"line":208,"column":10},"end":{"line":210,"column":null}},"111":{"start":{"line":212,"column":10},"end":{"line":218,"column":7}},"112":{"start":{"line":213,"column":18},"end":{"line":213,"column":44}},"113":{"start":{"line":214,"column":6},"end":{"line":214,"column":29}},"114":{"start":{"line":215,"column":6},"end":{"line":215,"column":36}},"115":{"start":{"line":217,"column":6},"end":{"line":217,"column":20}},"116":{"start":{"line":220,"column":4},"end":{"line":220,"column":19}},"117":{"start":{"line":224,"column":55},"end":{"line":224,"column":57}},"118":{"start":{"line":226,"column":4},"end":{"line":235,"column":7}},"119":{"start":{"line":227,"column":18},"end":{"line":227,"column":30}},"120":{"start":{"line":230,"column":6},"end":{"line":232,"column":null}},"121":{"start":{"line":231,"column":8},"end":{"line":231,"column":25}},"122":{"start":{"line":234,"column":6},"end":{"line":234,"column":29}},"123":{"start":{"line":237,"column":4},"end":{"line":237,"column":18}},"124":{"start":{"line":241,"column":54},"end":{"line":241,"column":56}},"125":{"start":{"line":243,"column":4},"end":{"line":252,"column":7}},"126":{"start":{"line":244,"column":18},"end":{"line":244,"column":29}},"127":{"start":{"line":247,"column":6},"end":{"line":249,"column":null}},"128":{"start":{"line":248,"column":8},"end":{"line":248,"column":25}},"129":{"start":{"line":251,"column":6},"end":{"line":251,"column":28}},"130":{"start":{"line":254,"column":4},"end":{"line":254,"column":18}},"131":{"start":{"line":258,"column":28},"end":{"line":258,"column":30}},"132":{"start":{"line":260,"column":47},"end":{"line":260,"column":54}},"133":{"start":{"line":262,"column":4},"end":{"line":282,"column":7}},"134":{"start":{"line":263,"column":31},"end":{"line":268,"column":8}},"135":{"start":{"line":270,"column":27},"end":{"line":279,"column":8}},"136":{"start":{"line":281,"column":6},"end":{"line":281,"column":25}},"137":{"start":{"line":284,"column":4},"end":{"line":284,"column":18}},"138":{"start":{"line":288,"column":9},"end":{"line":288,"column":28}}},"fnMap":{"0":{"name":"(anonymous_15)","decl":{"start":{"line":39,"column":16},"end":{"line":39,"column":23}},"loc":{"start":{"line":39,"column":49},"end":{"line":67,"column":null}}},"1":{"name":"(anonymous_16)","decl":{"start":{"line":39,"column":49},"end":{"line":39,"column":null}},"loc":{"start":{"line":39,"column":49},"end":{"line":67,"column":null}}},"2":{"name":"(anonymous_18)","decl":{"start":{"line":54,"column":67},"end":{"line":54,"column":68}},"loc":{"start":{"line":54,"column":69},"end":{"line":54,"column":75}}},"3":{"name":"(anonymous_19)","decl":{"start":{"line":69,"column":17},"end":{"line":69,"column":24}},"loc":{"start":{"line":69,"column":51},"end":{"line":97,"column":null}}},"4":{"name":"(anonymous_20)","decl":{"start":{"line":69,"column":51},"end":{"line":69,"column":null}},"loc":{"start":{"line":69,"column":51},"end":{"line":97,"column":null}}},"5":{"name":"(anonymous_22)","decl":{"start":{"line":99,"column":15},"end":{"line":99,"column":22}},"loc":{"start":{"line":99,"column":47},"end":{"line":126,"column":null}}},"6":{"name":"(anonymous_23)","decl":{"start":{"line":99,"column":47},"end":{"line":99,"column":null}},"loc":{"start":{"line":99,"column":47},"end":{"line":126,"column":null}}},"7":{"name":"(anonymous_25)","decl":{"start":{"line":128,"column":23},"end":{"line":128,"column":null}},"loc":{"start":{"line":129,"column":31},"end":{"line":144,"column":null}}},"8":{"name":"(anonymous_26)","decl":{"start":{"line":129,"column":31},"end":{"line":129,"column":null}},"loc":{"start":{"line":129,"column":31},"end":{"line":144,"column":null}}},"9":{"name":"(anonymous_28)","decl":{"start":{"line":138,"column":66},"end":{"line":138,"column":67}},"loc":{"start":{"line":138,"column":68},"end":{"line":138,"column":74}}},"10":{"name":"(anonymous_29)","decl":{"start":{"line":141,"column":28},"end":{"line":141,"column":29}},"loc":{"start":{"line":141,"column":37},"end":{"line":141,"column":45}}},"11":{"name":"(anonymous_30)","decl":{"start":{"line":147,"column":12},"end":{"line":147,"column":19}},"loc":{"start":{"line":147,"column":41},"end":{"line":190,"column":null}}},"12":{"name":"(anonymous_31)","decl":{"start":{"line":147,"column":41},"end":{"line":147,"column":null}},"loc":{"start":{"line":147,"column":41},"end":{"line":190,"column":null}}},"13":{"name":"(anonymous_33)","decl":{"start":{"line":163,"column":27},"end":{"line":163,"column":28}},"loc":{"start":{"line":163,"column":32},"end":{"line":167,"column":5}}},"14":{"name":"(anonymous_34)","decl":{"start":{"line":175,"column":26},"end":{"line":175,"column":27}},"loc":{"start":{"line":175,"column":31},"end":{"line":179,"column":5}}},"15":{"name":"(anonymous_35)","decl":{"start":{"line":192,"column":20},"end":{"line":192,"column":27}},"loc":{"start":{"line":192,"column":50},"end":{"line":200,"column":null}}},"16":{"name":"(anonymous_36)","decl":{"start":{"line":192,"column":50},"end":{"line":192,"column":null}},"loc":{"start":{"line":192,"column":50},"end":{"line":200,"column":null}}},"17":{"name":"(anonymous_38)","decl":{"start":{"line":202,"column":29},"end":{"line":202,"column":null}},"loc":{"start":{"line":203,"column":38},"end":{"line":221,"column":null}}},"18":{"name":"(anonymous_39)","decl":{"start":{"line":203,"column":38},"end":{"line":203,"column":null}},"loc":{"start":{"line":203,"column":38},"end":{"line":221,"column":null}}},"19":{"name":"(anonymous_41)","decl":{"start":{"line":212,"column":35},"end":{"line":212,"column":36}},"loc":{"start":{"line":212,"column":52},"end":{"line":218,"column":5}}},"20":{"name":"(anonymous_42)","decl":{"start":{"line":223,"column":19},"end":{"line":223,"column":20}},"loc":{"start":{"line":223,"column":29},"end":{"line":238,"column":3}}},"21":{"name":"(anonymous_43)","decl":{"start":{"line":226,"column":17},"end":{"line":226,"column":18}},"loc":{"start":{"line":226,"column":37},"end":{"line":235,"column":5}}},"22":{"name":"(anonymous_44)","decl":{"start":{"line":240,"column":23},"end":{"line":240,"column":24}},"loc":{"start":{"line":240,"column":33},"end":{"line":255,"column":3}}},"23":{"name":"(anonymous_45)","decl":{"start":{"line":243,"column":17},"end":{"line":243,"column":18}},"loc":{"start":{"line":243,"column":35},"end":{"line":252,"column":5}}},"24":{"name":"(anonymous_46)","decl":{"start":{"line":257,"column":17},"end":{"line":257,"column":18}},"loc":{"start":{"line":257,"column":43},"end":{"line":285,"column":3}}},"25":{"name":"(anonymous_47)","decl":{"start":{"line":262,"column":17},"end":{"line":262,"column":18}},"loc":{"start":{"line":262,"column":26},"end":{"line":282,"column":5}}}},"branchMap":{"0":{"loc":{"start":{"line":41,"column":4},"end":{"line":41,"column":28}},"type":"if","locations":[{"start":{"line":41,"column":4},"end":{"line":41,"column":28}}]},"1":{"loc":{"start":{"line":42,"column":4},"end":{"line":42,"column":29}},"type":"if","locations":[{"start":{"line":42,"column":4},"end":{"line":42,"column":29}}]},"2":{"loc":{"start":{"line":55,"column":4},"end":{"line":55,"column":57}},"type":"if","locations":[{"start":{"line":55,"column":4},"end":{"line":55,"column":57}}]},"3":{"loc":{"start":{"line":55,"column":8},"end":{"line":55,"column":43}},"type":"binary-expr","locations":[{"start":{"line":55,"column":8},"end":{"line":55,"column":16}},{"start":{"line":55,"column":20},"end":{"line":55,"column":43}}]},"4":{"loc":{"start":{"line":71,"column":4},"end":{"line":71,"column":36}},"type":"if","locations":[{"start":{"line":71,"column":4},"end":{"line":71,"column":36}}]},"5":{"loc":{"start":{"line":72,"column":4},"end":{"line":72,"column":29}},"type":"if","locations":[{"start":{"line":72,"column":4},"end":{"line":72,"column":29}}]},"6":{"loc":{"start":{"line":85,"column":4},"end":{"line":85,"column":55}},"type":"if","locations":[{"start":{"line":85,"column":4},"end":{"line":85,"column":55}}]},"7":{"loc":{"start":{"line":85,"column":8},"end":{"line":85,"column":43}},"type":"binary-expr","locations":[{"start":{"line":85,"column":8},"end":{"line":85,"column":16}},{"start":{"line":85,"column":20},"end":{"line":85,"column":43}}]},"8":{"loc":{"start":{"line":101,"column":4},"end":{"line":101,"column":29}},"type":"if","locations":[{"start":{"line":101,"column":4},"end":{"line":101,"column":29}}]},"9":{"loc":{"start":{"line":114,"column":4},"end":{"line":114,"column":45}},"type":"if","locations":[{"start":{"line":114,"column":4},"end":{"line":114,"column":45}}]},"10":{"loc":{"start":{"line":132,"column":4},"end":{"line":132,"column":40}},"type":"if","locations":[{"start":{"line":132,"column":4},"end":{"line":132,"column":40}}]},"11":{"loc":{"start":{"line":133,"column":4},"end":{"line":133,"column":29}},"type":"if","locations":[{"start":{"line":133,"column":4},"end":{"line":133,"column":29}}]},"12":{"loc":{"start":{"line":139,"column":4},"end":{"line":139,"column":28}},"type":"if","locations":[{"start":{"line":139,"column":4},"end":{"line":139,"column":28}}]},"13":{"loc":{"start":{"line":150,"column":4},"end":{"line":150,"column":29}},"type":"if","locations":[{"start":{"line":150,"column":4},"end":{"line":150,"column":29}}]},"14":{"loc":{"start":{"line":157,"column":4},"end":{"line":157,"column":39}},"type":"if","locations":[{"start":{"line":157,"column":4},"end":{"line":157,"column":39}}]},"15":{"loc":{"start":{"line":170,"column":4},"end":{"line":170,"column":40}},"type":"if","locations":[{"start":{"line":170,"column":4},"end":{"line":170,"column":40}}]},"16":{"loc":{"start":{"line":185,"column":4},"end":{"line":185,"column":38}},"type":"if","locations":[{"start":{"line":185,"column":4},"end":{"line":185,"column":38}}]},"17":{"loc":{"start":{"line":194,"column":4},"end":{"line":194,"column":36}},"type":"if","locations":[{"start":{"line":194,"column":4},"end":{"line":194,"column":36}}]},"18":{"loc":{"start":{"line":197,"column":4},"end":{"line":197,"column":27}},"type":"if","locations":[{"start":{"line":197,"column":4},"end":{"line":197,"column":27}}]},"19":{"loc":{"start":{"line":206,"column":4},"end":{"line":206,"column":32}},"type":"if","locations":[{"start":{"line":206,"column":4},"end":{"line":206,"column":32}}]},"20":{"loc":{"start":{"line":230,"column":6},"end":{"line":232,"column":null}},"type":"if","locations":[{"start":{"line":230,"column":6},"end":{"line":232,"column":null}}]},"21":{"loc":{"start":{"line":247,"column":6},"end":{"line":249,"column":null}},"type":"if","locations":[{"start":{"line":247,"column":6},"end":{"line":249,"column":null}}]}},"s":{"0":1,"1":1,"2":1,"3":1,"4":1,"5":6,"6":6,"7":6,"8":3,"9":3,"10":0,"11":3,"12":3,"13":0,"14":3,"15":3,"16":2,"17":1,"18":1,"19":1,"20":1,"21":2,"22":2,"23":2,"24":1,"25":1,"26":0,"27":1,"28":1,"29":1,"30":1,"31":0,"32":1,"33":1,"34":1,"35":1,"36":2,"37":2,"38":2,"39":0,"40":2,"41":2,"42":2,"43":2,"44":1,"45":1,"46":1,"47":1,"48":1,"49":2,"50":2,"51":2,"52":1,"53":1,"54":0,"55":1,"56":1,"57":0,"58":1,"59":1,"60":0,"61":1,"62":3,"63":1,"64":4,"65":4,"66":4,"67":0,"68":4,"69":4,"70":4,"71":4,"72":4,"73":1,"74":3,"75":3,"76":3,"77":3,"78":9,"79":9,"80":3,"81":3,"82":3,"83":1,"84":2,"85":2,"86":2,"87":6,"88":6,"89":2,"90":2,"91":2,"92":1,"93":1,"94":1,"95":1,"96":2,"97":2,"98":2,"99":0,"100":2,"101":2,"102":2,"103":1,"104":1,"105":2,"106":2,"107":2,"108":0,"109":2,"110":2,"111":2,"112":3,"113":3,"114":3,"115":3,"116":2,"117":3,"118":3,"119":3,"120":3,"121":3,"122":3,"123":3,"124":3,"125":3,"126":3,"127":3,"128":3,"129":3,"130":3,"131":3,"132":9,"133":3,"134":4,"135":4,"136":4,"137":3,"138":1},"f":{"0":6,"1":6,"2":0,"3":2,"4":2,"5":2,"6":2,"7":2,"8":2,"9":0,"10":3,"11":4,"12":4,"13":9,"14":6,"15":2,"16":2,"17":2,"18":2,"19":3,"20":3,"21":3,"22":3,"23":3,"24":3,"25":4},"b":{"0":[3],"1":[0],"2":[2],"3":[3,1],"4":[1],"5":[0],"6":[0],"7":[1,1],"8":[0],"9":[1],"10":[1],"11":[0],"12":[0],"13":[0],"14":[1],"15":[1],"16":[1],"17":[0],"18":[1],"19":[0],"20":[3],"21":[3]}}
,"/Users/kyledavis/Documents/projects/WebstormProjects/HEB-API/src/routes/imageRouter/imageRouter.ts": {"path":"/Users/kyledavis/Documents/projects/WebstormProjects/HEB-API/src/routes/imageRouter/imageRouter.ts","statementMap":{"0":{"start":{"line":1,"column":0},"end":{"line":1,"column":53}},"1":{"start":{"line":2,"column":0},"end":{"line":2,"column":62}},"2":{"start":{"line":4,"column":0},"end":{"line":4,"column":59}},"3":{"start":{"line":7,"column":20},"end":{"line":58,"column":1}},"4":{"start":{"line":8,"column":17},"end":{"line":8,"column":33}},"5":{"start":{"line":14,"column":2},"end":{"line":18,"column":4}},"6":{"start":{"line":24,"column":2},"end":{"line":28,"column":4}},"7":{"start":{"line":35,"column":2},"end":{"line":39,"column":4}},"8":{"start":{"line":47,"column":2},"end":{"line":55,"column":4}},"9":{"start":{"line":57,"column":2},"end":{"line":57,"column":16}},"10":{"start":{"line":60,"column":9},"end":{"line":60,"column":20}}},"fnMap":{"0":{"name":"(anonymous_1)","decl":{"start":{"line":7,"column":20},"end":{"line":7,"column":21}},"loc":{"start":{"line":7,"column":47},"end":{"line":58,"column":1}}}},"branchMap":{},"s":{"0":1,"1":1,"2":1,"3":1,"4":1,"5":1,"6":1,"7":1,"8":1,"9":1,"10":1},"f":{"0":1},"b":{}}
,"/Users/kyledavis/Documents/projects/WebstormProjects/HEB-API/src/routes/imageRouter/testImageB64.ts": {"path":"/Users/kyledavis/Documents/projects/WebstormProjects/HEB-API/src/routes/imageRouter/testImageB64.ts","statementMap":{"0":{"start":{"line":1,"column":13},"end":{"line":2,"column":31731}}},"fnMap":{},"branchMap":{},"s":{"0":1},"f":{},"b":{}}
,"/Users/kyledavis/Documents/projects/WebstormProjects/HEB-API/src/serverSetup/serverSetup.ts": {"path":"/Users/kyledavis/Documents/projects/WebstormProjects/HEB-API/src/serverSetup/serverSetup.ts","statementMap":{"0":{"start":{"line":1,"column":0},"end":{"line":1,"column":53}},"1":{"start":{"line":2,"column":0},"end":{"line":2,"column":64}},"2":{"start":{"line":9,"column":20},"end":{"line":16,"column":1}},"3":{"start":{"line":10,"column":14},"end":{"line":10,"column":23}},"4":{"start":{"line":11,"column":2},"end":{"line":11,"column":26}},"5":{"start":{"line":13,"column":2},"end":{"line":13,"column":58}},"6":{"start":{"line":15,"column":2},"end":{"line":15,"column":13}},"7":{"start":{"line":18,"column":9},"end":{"line":18,"column":20}}},"fnMap":{"0":{"name":"(anonymous_1)","decl":{"start":{"line":9,"column":20},"end":{"line":9,"column":21}},"loc":{"start":{"line":9,"column":41},"end":{"line":16,"column":1}}}},"branchMap":{},"s":{"0":1,"1":1,"2":1,"3":1,"4":1,"5":1,"6":1,"7":1},"f":{"0":1},"b":{}}
}
