TN:
SF:src/index.ts
FN:9,(anonymous_0)
FNF:1
FNH:0
FNDA:0,(anonymous_0)
DA:1,0
DA:3,0
DA:4,0
DA:7,0
DA:8,0
DA:9,0
DA:10,0
LF:7
LH:0
BRDA:7,0,0,0
BRDA:7,0,1,0
BRF:2
BRH:0
end_of_record
TN:
SF:src/Models/Image.ts
FNF:0
FNH:0
DA:1,2
DA:17,2
DA:28,2
LF:3
LH:3
BRF:0
BRH:0
end_of_record
TN:
SF:src/Models/ImageMetadata.ts
FNF:0
FNH:0
DA:10,2
DA:18,2
LF:2
LH:2
BRF:0
BRH:0
end_of_record
TN:
SF:src/Models/ImageObjects.ts
FNF:0
FNH:0
DA:10,2
DA:19,2
LF:2
LH:2
BRF:0
BRH:0
end_of_record
TN:
SF:src/Models/ImageTypes.ts
FNF:0
FNH:0
DA:8,2
DA:15,2
LF:2
LH:2
BRF:0
BRH:0
end_of_record
TN:
SF:src/Models/Builders/ImageBuilder.ts
FN:7,(anonymous_1)
FN:15,ImageBuilder
FN:24,(anonymous_3)
FN:28,(anonymous_4)
FN:41,(anonymous_5)
FN:70,(anonymous_6)
FN:75,(anonymous_7)
FNF:7
FNH:7
FNDA:2,(anonymous_1)
FNDA:9,ImageBuilder
FNDA:11,(anonymous_3)
FNDA:4,(anonymous_4)
FNDA:11,(anonymous_5)
FNDA:7,(anonymous_6)
FNDA:4,(anonymous_7)
DA:1,2
DA:2,2
DA:3,2
DA:4,2
DA:5,2
DA:7,2
DA:15,11
DA:16,9
DA:17,9
DA:18,9
DA:19,9
DA:20,9
DA:21,9
DA:24,9
DA:25,11
DA:28,9
DA:29,4
DA:30,4
DA:31,4
DA:32,4
DA:33,4
DA:34,4
DA:35,4
DA:36,4
DA:38,4
DA:41,9
DA:42,11
DA:44,11
DA:47,11
DA:53,11
DA:59,11
DA:60,11
DA:61,11
DA:62,11
DA:63,11
DA:64,11
DA:65,11
DA:67,11
DA:70,9
DA:71,7
DA:75,9
DA:77,4
DA:79,4
DA:87,2
DA:89,2
LF:45
LH:45
BRDA:15,0,0,2
BRF:1
BRH:1
end_of_record
TN:
SF:src/Models/Builders/ImageMetadataBuilder.ts
FN:4,(anonymous_1)
FN:9,ImageMetadataBuilder
FN:15,(anonymous_3)
FN:19,(anonymous_4)
FN:30,(anonymous_5)
FNF:5
FNH:5
FNDA:2,(anonymous_1)
FNDA:10,ImageMetadataBuilder
FNDA:39,(anonymous_3)
FNDA:39,(anonymous_4)
FNDA:39,(anonymous_5)
DA:1,2
DA:2,2
DA:4,2
DA:9,11
DA:10,10
DA:11,10
DA:12,10
DA:15,10
DA:16,39
DA:19,10
DA:20,39
DA:21,39
DA:22,39
DA:23,39
DA:24,39
DA:25,39
DA:27,39
DA:30,10
DA:31,39
DA:33,39
DA:35,2
DA:37,2
LF:22
LH:22
BRDA:9,0,0,1
BRF:1
BRH:1
end_of_record
TN:
SF:src/Models/Builders/ImageObjectBuilder.ts
FN:5,(anonymous_1)
FN:10,ImageObjectBuilder
FN:16,(anonymous_3)
FN:20,(anonymous_4)
FN:31,(anonymous_5)
FN:37,(anonymous_6)
FN:43,(anonymous_7)
FNF:7
FNH:5
FNDA:2,(anonymous_1)
FNDA:11,ImageObjectBuilder
FNDA:41,(anonymous_3)
FNDA:41,(anonymous_4)
FNDA:39,(anonymous_5)
FNDA:0,(anonymous_6)
FNDA:0,(anonymous_7)
DA:1,2
DA:3,2
DA:5,2
DA:10,13
DA:11,11
DA:12,11
DA:13,11
DA:16,11
DA:17,41
DA:20,11
DA:21,41
DA:22,41
DA:23,41
DA:24,41
DA:25,41
DA:26,41
DA:28,41
DA:31,11
DA:32,39
DA:34,39
DA:37,11
DA:38,0
DA:40,0
DA:43,11
DA:44,0
DA:46,0
DA:48,2
DA:50,2
LF:28
LH:24
BRDA:10,0,0,2
BRF:1
BRH:1
end_of_record
TN:
SF:src/Models/Builders/ImageTypeBuilder.ts
FN:5,(anonymous_1)
FN:10,ImageTypeBuilder
FN:16,(anonymous_3)
FN:20,(anonymous_4)
FN:29,(anonymous_5)
FN:36,(anonymous_6)
FNF:6
FNH:5
FNDA:2,(anonymous_1)
FNDA:10,ImageTypeBuilder
FNDA:15,(anonymous_3)
FNDA:19,(anonymous_4)
FNDA:0,(anonymous_5)
FNDA:4,(anonymous_6)
DA:1,2
DA:3,2
DA:5,2
DA:10,11
DA:11,10
DA:12,10
DA:13,10
DA:16,10
DA:17,15
DA:20,10
DA:21,19
DA:22,19
DA:23,19
DA:24,19
DA:26,19
DA:29,10
DA:30,0
DA:32,0
DA:36,10
DA:38,4
DA:40,4
DA:47,2
DA:49,2
LF:23
LH:21
BRDA:10,0,0,1
BRF:1
BRH:1
end_of_record
TN:
SF:src/handlers/imageHandler.ts
FN:12,(anonymous_16)
FN:13,(anonymous_17)
FN:13,(anonymous_18)
FN:49,(anonymous_20)
FN:50,(anonymous_21)
FN:50,(anonymous_22)
FN:69,(anonymous_24)
FN:70,(anonymous_25)
FN:70,(anonymous_26)
FN:85,(anonymous_28)
FN:129,(anonymous_29)
FN:141,(anonymous_30)
FN:141,(anonymous_31)
FN:148,(anonymous_33)
FN:148,(anonymous_34)
FNF:15
FNH:15
FNDA:2,(anonymous_16)
FNDA:5,(anonymous_17)
FNDA:5,(anonymous_18)
FNDA:1,(anonymous_20)
FNDA:13,(anonymous_21)
FNDA:13,(anonymous_22)
FNDA:1,(anonymous_24)
FNDA:12,(anonymous_25)
FNDA:12,(anonymous_26)
FNDA:2,(anonymous_28)
FNDA:2,(anonymous_29)
FNDA:1,(anonymous_30)
FNDA:1,(anonymous_31)
FNDA:2,(anonymous_33)
FNDA:2,(anonymous_34)
DA:2,1
DA:3,1
DA:4,1
DA:6,1
DA:7,1
DA:8,1
DA:11,1
DA:13,5
DA:14,5
DA:15,0
DA:21,5
DA:22,5
DA:25,7
DA:27,3
DA:30,3
DA:33,3
DA:34,2
DA:40,1
DA:42,2
DA:45,3
DA:50,13
DA:51,13
DA:52,10
DA:57,3
DA:58,3
DA:60,3
DA:61,3
DA:62,1
DA:65,2
DA:70,12
DA:71,12
DA:72,10
DA:77,2
DA:79,3
DA:80,2
DA:81,1
DA:84,2
DA:85,2
DA:86,2
DA:87,0
DA:93,2
DA:98,2
DA:99,0
DA:105,2
DA:106,2
DA:107,0
DA:111,2
DA:112,2
DA:114,2
DA:115,2
DA:116,2
DA:117,2
DA:118,2
DA:119,2
DA:121,2
DA:125,2
DA:132,2
DA:133,2
DA:135,0
DA:138,2
DA:141,1
DA:142,1
DA:143,1
DA:145,1
DA:148,2
DA:150,2
DA:151,2
DA:152,2
DA:155,2
DA:156,2
DA:158,2
DA:159,26
DA:160,26
DA:165,23
DA:166,23
DA:167,23
DA:168,23
DA:172,2
DA:176,1
LF:79
LH:74
BRDA:42,0,0,2
BRDA:42,0,1,3
BRDA:14,1,0,0
BRDA:25,2,0,2
BRDA:25,3,0,5
BRDA:25,3,1,3
BRDA:33,4,0,2
BRDA:51,5,0,10
BRDA:61,6,0,1
BRDA:71,7,0,10
BRDA:79,8,0,1
BRDA:85,9,0,0
BRDA:85,9,1,2
BRDA:85,10,0,2
BRDA:85,10,1,2
BRDA:86,11,0,0
BRDA:98,12,0,0
BRDA:106,13,0,0
BRDA:119,14,0,2
BRDA:119,14,1,0
BRDA:119,15,0,2
BRDA:119,15,1,2
BRDA:138,16,0,2
BRDA:138,16,1,2
BRDA:142,17,0,1
BRDA:150,18,0,2
BRDA:160,19,0,23
BRDA:161,20,0,26
BRDA:161,20,1,16
BRDA:161,20,2,9
BRF:30
BRH:24
end_of_record
TN:
SF:src/repositories/imageRepository/imageRepositoryImpl.ts
FN:39,(anonymous_15)
FN:39,(anonymous_16)
FN:54,(anonymous_18)
FN:69,(anonymous_19)
FN:69,(anonymous_20)
FN:99,(anonymous_22)
FN:99,(anonymous_23)
FN:128,(anonymous_25)
FN:129,(anonymous_26)
FN:138,(anonymous_28)
FN:141,(anonymous_29)
FN:147,(anonymous_30)
FN:147,(anonymous_31)
FN:163,(anonymous_33)
FN:175,(anonymous_34)
FN:192,(anonymous_35)
FN:192,(anonymous_36)
FN:202,(anonymous_38)
FN:203,(anonymous_39)
FN:212,(anonymous_41)
FN:223,(anonymous_42)
FN:226,(anonymous_43)
FN:240,(anonymous_44)
FN:243,(anonymous_45)
FN:257,(anonymous_46)
FN:262,(anonymous_47)
FNF:26
FNH:24
FNDA:6,(anonymous_15)
FNDA:6,(anonymous_16)
FNDA:0,(anonymous_18)
FNDA:2,(anonymous_19)
FNDA:2,(anonymous_20)
FNDA:2,(anonymous_22)
FNDA:2,(anonymous_23)
FNDA:2,(anonymous_25)
FNDA:2,(anonymous_26)
FNDA:0,(anonymous_28)
FNDA:3,(anonymous_29)
FNDA:4,(anonymous_30)
FNDA:4,(anonymous_31)
FNDA:9,(anonymous_33)
FNDA:6,(anonymous_34)
FNDA:2,(anonymous_35)
FNDA:2,(anonymous_36)
FNDA:2,(anonymous_38)
FNDA:2,(anonymous_39)
FNDA:3,(anonymous_41)
FNDA:3,(anonymous_42)
FNDA:3,(anonymous_43)
FNDA:3,(anonymous_44)
FNDA:3,(anonymous_45)
FNDA:3,(anonymous_46)
FNDA:4,(anonymous_47)
DA:2,1
DA:4,1
DA:6,1
DA:17,1
DA:38,1
DA:39,6
DA:40,6
DA:41,6
DA:42,3
DA:44,3
DA:54,3
DA:55,3
DA:58,1
DA:59,1
DA:60,1
DA:66,1
DA:69,2
DA:70,2
DA:71,2
DA:72,1
DA:74,1
DA:84,1
DA:85,1
DA:88,1
DA:89,1
DA:90,1
DA:96,1
DA:99,2
DA:100,2
DA:101,2
DA:103,2
DA:113,2
DA:114,2
DA:117,1
DA:118,1
DA:119,1
DA:125,1
DA:129,2
DA:131,2
DA:132,2
DA:133,1
DA:135,1
DA:138,1
DA:139,1
DA:141,3
DA:143,1
DA:147,4
DA:149,4
DA:150,4
DA:153,4
DA:155,4
DA:156,4
DA:157,4
DA:158,3
DA:161,3
DA:162,3
DA:163,3
DA:164,9
DA:166,9
DA:169,3
DA:170,3
DA:173,2
DA:174,2
DA:175,2
DA:176,6
DA:178,6
DA:181,2
DA:185,2
DA:187,1
DA:189,1
DA:192,2
DA:193,2
DA:194,2
DA:196,2
DA:197,2
DA:199,1
DA:203,2
DA:205,2
DA:206,2
DA:208,2
DA:212,2
DA:213,3
DA:214,3
DA:215,3
DA:217,3
DA:220,2
DA:224,3
DA:226,3
DA:227,3
DA:230,3
DA:231,3
DA:234,3
DA:237,3
DA:241,3
DA:243,3
DA:244,3
DA:247,3
DA:248,3
DA:251,3
DA:254,3
DA:258,3
DA:260,9
DA:262,3
DA:263,4
DA:270,4
DA:281,4
DA:284,3
DA:288,1
LF:108
LH:108
BRDA:41,0,0,3
BRDA:42,1,0,0
BRDA:55,2,0,2
BRDA:55,3,0,3
BRDA:55,3,1,1
BRDA:71,4,0,1
BRDA:72,5,0,0
BRDA:85,6,0,0
BRDA:85,7,0,1
BRDA:85,7,1,1
BRDA:101,8,0,0
BRDA:114,9,0,1
BRDA:132,10,0,1
BRDA:133,11,0,0
BRDA:139,12,0,0
BRDA:150,13,0,0
BRDA:157,14,0,1
BRDA:170,15,0,1
BRDA:185,16,0,1
BRDA:194,17,0,0
BRDA:197,18,0,1
BRDA:206,19,0,0
BRDA:230,20,0,3
BRDA:247,21,0,3
BRF:24
BRH:15
end_of_record
TN:
SF:src/routes/imageRouter/imageRouter.ts
FN:7,(anonymous_1)
FNF:1
FNH:1
FNDA:1,(anonymous_1)
DA:1,1
DA:2,1
DA:4,1
DA:7,1
DA:8,1
DA:14,1
DA:24,1
DA:35,1
DA:47,1
DA:57,1
DA:60,1
LF:11
LH:11
BRF:0
BRH:0
end_of_record
TN:
SF:src/routes/imageRouter/testImageB64.ts
FNF:0
FNH:0
DA:1,1
LF:1
LH:1
BRF:0
BRH:0
end_of_record
TN:
SF:src/serverSetup/serverSetup.ts
FN:9,(anonymous_1)
FNF:1
FNH:1
FNDA:1,(anonymous_1)
DA:1,1
DA:2,1
DA:9,1
DA:10,1
DA:11,1
DA:13,1
DA:15,1
DA:18,1
LF:8
LH:8
BRF:0
BRH:0
end_of_record
